{"C:\\Users\\HP\\simplest-note-web-app-backend\\backend\\src\\index.js": {"path":"C:\\Users\\HP\\simplest-note-web-app-backend\\backend\\src\\index.js","statementMap":{"0":{"start":{"line":1,"column":16},"end":{"line":1,"column":34}},"1":{"start":{"line":2,"column":17},"end":{"line":2,"column":36}},"2":{"start":{"line":3,"column":13},"end":{"line":3,"column":28}},"3":{"start":{"line":4,"column":19},"end":{"line":4,"column":49}},"4":{"start":{"line":5,"column":0},"end":{"line":5,"column":27}},"5":{"start":{"line":7,"column":12},"end":{"line":7,"column":21}},"6":{"start":{"line":8,"column":13},"end":{"line":8,"column":41}},"7":{"start":{"line":11,"column":0},"end":{"line":11,"column":16}},"8":{"start":{"line":12,"column":0},"end":{"line":12,"column":24}},"9":{"start":{"line":15,"column":0},"end":{"line":15,"column":34}},"10":{"start":{"line":18,"column":0},"end":{"line":20,"column":3}},"11":{"start":{"line":19,"column":2},"end":{"line":19,"column":41}},"12":{"start":{"line":22,"column":0},"end":{"line":22,"column":21}},"13":{"start":{"line":25,"column":0},"end":{"line":47,"column":1}},"14":{"start":{"line":26,"column":22},"end":{"line":44,"column":3}},"15":{"start":{"line":27,"column":4},"end":{"line":43,"column":5}},"16":{"start":{"line":28,"column":6},"end":{"line":31,"column":7}},"17":{"start":{"line":29,"column":8},"end":{"line":29,"column":63}},"18":{"start":{"line":30,"column":8},"end":{"line":30,"column":24}},"19":{"start":{"line":34,"column":6},"end":{"line":34,"column":52}},"20":{"start":{"line":37,"column":6},"end":{"line":39,"column":9}},"21":{"start":{"line":38,"column":8},"end":{"line":38,"column":54}},"22":{"start":{"line":41,"column":6},"end":{"line":41,"column":58}},"23":{"start":{"line":42,"column":6},"end":{"line":42,"column":22}},"24":{"start":{"line":46,"column":2},"end":{"line":46,"column":16}}},"fnMap":{"0":{"name":"(anonymous_0)","decl":{"start":{"line":18,"column":19},"end":{"line":18,"column":20}},"loc":{"start":{"line":18,"column":33},"end":{"line":20,"column":1}},"line":18},"1":{"name":"(anonymous_1)","decl":{"start":{"line":26,"column":22},"end":{"line":26,"column":23}},"loc":{"start":{"line":26,"column":34},"end":{"line":44,"column":3}},"line":26},"2":{"name":"(anonymous_2)","decl":{"start":{"line":37,"column":34},"end":{"line":37,"column":35}},"loc":{"start":{"line":37,"column":40},"end":{"line":39,"column":7}},"line":37}},"branchMap":{"0":{"loc":{"start":{"line":8,"column":13},"end":{"line":8,"column":41}},"type":"binary-expr","locations":[{"start":{"line":8,"column":13},"end":{"line":8,"column":33}},{"start":{"line":8,"column":37},"end":{"line":8,"column":41}}],"line":8},"1":{"loc":{"start":{"line":25,"column":0},"end":{"line":47,"column":1}},"type":"if","locations":[{"start":{"line":25,"column":0},"end":{"line":47,"column":1}},{"start":{},"end":{}}],"line":25},"2":{"loc":{"start":{"line":28,"column":6},"end":{"line":31,"column":7}},"type":"if","locations":[{"start":{"line":28,"column":6},"end":{"line":31,"column":7}},{"start":{},"end":{}}],"line":28}},"s":{"0":1,"1":1,"2":1,"3":1,"4":1,"5":1,"6":1,"7":1,"8":1,"9":1,"10":1,"11":0,"12":1,"13":1,"14":0,"15":0,"16":0,"17":0,"18":0,"19":0,"20":0,"21":0,"22":0,"23":0,"24":0},"f":{"0":0,"1":0,"2":0},"b":{"0":[1,1],"1":[0,1],"2":[0,0]},"_coverageSchema":"1a1c01bbd47fc00a2c39e90264f33305004495a9","hash":"c2fa0048769f0e0054af1be2f742924ff2da95bd"}
,"C:\\Users\\HP\\simplest-note-web-app-backend\\backend\\src\\controllers\\noteController.js": {"path":"C:\\Users\\HP\\simplest-note-web-app-backend\\backend\\src\\controllers\\noteController.js","statementMap":{"0":{"start":{"line":1,"column":13},"end":{"line":1,"column":43}},"1":{"start":{"line":2,"column":18},"end":{"line":2,"column":56}},"2":{"start":{"line":8,"column":8},"end":{"line":25,"column":9}},"3":{"start":{"line":9,"column":45},"end":{"line":9,"column":53}},"4":{"start":{"line":12,"column":31},"end":{"line":12,"column":55}},"5":{"start":{"line":13,"column":33},"end":{"line":13,"column":64}},"6":{"start":{"line":15,"column":28},"end":{"line":18,"column":14}},"7":{"start":{"line":20,"column":30},"end":{"line":20,"column":50}},"8":{"start":{"line":21,"column":12},"end":{"line":21,"column":44}},"9":{"start":{"line":23,"column":12},"end":{"line":23,"column":47}},"10":{"start":{"line":24,"column":12},"end":{"line":24,"column":61}},"11":{"start":{"line":28,"column":8},"end":{"line":34,"column":9}},"12":{"start":{"line":29,"column":29},"end":{"line":29,"column":63}},"13":{"start":{"line":30,"column":12},"end":{"line":30,"column":73}},"14":{"start":{"line":30,"column":27},"end":{"line":30,"column":73}},"15":{"start":{"line":31,"column":12},"end":{"line":31,"column":31}},"16":{"start":{"line":33,"column":12},"end":{"line":33,"column":48}},"17":{"start":{"line":38,"column":8},"end":{"line":53,"column":9}},"18":{"start":{"line":39,"column":45},"end":{"line":39,"column":53}},"19":{"start":{"line":40,"column":33},"end":{"line":40,"column":48}},"20":{"start":{"line":42,"column":32},"end":{"line":49,"column":13}},"21":{"start":{"line":50,"column":12},"end":{"line":50,"column":34}},"22":{"start":{"line":52,"column":12},"end":{"line":52,"column":48}},"23":{"start":{"line":57,"column":8},"end":{"line":62,"column":9}},"24":{"start":{"line":58,"column":32},"end":{"line":58,"column":83}},"25":{"start":{"line":59,"column":12},"end":{"line":59,"column":34}},"26":{"start":{"line":61,"column":12},"end":{"line":61,"column":48}},"27":{"start":{"line":65,"column":8},"end":{"line":71,"column":9}},"28":{"start":{"line":66,"column":26},"end":{"line":66,"column":43}},"29":{"start":{"line":67,"column":12},"end":{"line":67,"column":40}},"30":{"start":{"line":69,"column":12},"end":{"line":69,"column":57}},"31":{"start":{"line":70,"column":12},"end":{"line":70,"column":61}},"32":{"start":{"line":75,"column":0},"end":{"line":75,"column":38}}},"fnMap":{"0":{"name":"(anonymous_0)","decl":{"start":{"line":7,"column":0},"end":{"line":7,"column":1}},"loc":{"start":{"line":7,"column":27},"end":{"line":26,"column":5}},"line":7},"1":{"name":"(anonymous_1)","decl":{"start":{"line":27,"column":4},"end":{"line":27,"column":5}},"loc":{"start":{"line":27,"column":31},"end":{"line":35,"column":5}},"line":27},"2":{"name":"(anonymous_2)","decl":{"start":{"line":37,"column":3},"end":{"line":37,"column":4}},"loc":{"start":{"line":37,"column":33},"end":{"line":54,"column":5}},"line":37},"3":{"name":"(anonymous_3)","decl":{"start":{"line":56,"column":4},"end":{"line":56,"column":5}},"loc":{"start":{"line":56,"column":34},"end":{"line":63,"column":5}},"line":56},"4":{"name":"(anonymous_4)","decl":{"start":{"line":64,"column":4},"end":{"line":64,"column":5}},"loc":{"start":{"line":64,"column":32},"end":{"line":72,"column":5}},"line":64}},"branchMap":{"0":{"loc":{"start":{"line":12,"column":31},"end":{"line":12,"column":55}},"type":"binary-expr","locations":[{"start":{"line":12,"column":31},"end":{"line":12,"column":36}},{"start":{"line":12,"column":40},"end":{"line":12,"column":55}}],"line":12},"1":{"loc":{"start":{"line":13,"column":33},"end":{"line":13,"column":64}},"type":"binary-expr","locations":[{"start":{"line":13,"column":33},"end":{"line":13,"column":37}},{"start":{"line":13,"column":41},"end":{"line":13,"column":48}},{"start":{"line":13,"column":52},"end":{"line":13,"column":64}}],"line":13},"2":{"loc":{"start":{"line":30,"column":12},"end":{"line":30,"column":73}},"type":"if","locations":[{"start":{"line":30,"column":12},"end":{"line":30,"column":73}},{"start":{},"end":{}}],"line":30},"3":{"loc":{"start":{"line":40,"column":33},"end":{"line":40,"column":48}},"type":"binary-expr","locations":[{"start":{"line":40,"column":33},"end":{"line":40,"column":37}},{"start":{"line":40,"column":41},"end":{"line":40,"column":48}}],"line":40}},"s":{"0":1,"1":1,"2":1,"3":1,"4":1,"5":1,"6":1,"7":1,"8":1,"9":0,"10":0,"11":0,"12":0,"13":0,"14":0,"15":0,"16":0,"17":0,"18":0,"19":0,"20":0,"21":0,"22":0,"23":0,"24":0,"25":0,"26":0,"27":1,"28":1,"29":1,"30":0,"31":0,"32":1},"f":{"0":1,"1":0,"2":0,"3":0,"4":1},"b":{"0":[1,0],"1":[1,0,0],"2":[0,0],"3":[0,0]},"_coverageSchema":"1a1c01bbd47fc00a2c39e90264f33305004495a9","hash":"60a25f96da9726a76497ef1913f2ef532b9b4a01"}
,"C:\\Users\\HP\\simplest-note-web-app-backend\\backend\\src\\middlewares\\errorHandler.js": {"path":"C:\\Users\\HP\\simplest-note-web-app-backend\\backend\\src\\middlewares\\errorHandler.js","statementMap":{"0":{"start":{"line":1,"column":0},"end":{"line":10,"column":2}},"1":{"start":{"line":2,"column":2},"end":{"line":9,"column":4}},"2":{"start":{"line":3,"column":4},"end":{"line":8,"column":5}},"3":{"start":{"line":4,"column":6},"end":{"line":4,"column":45}},"4":{"start":{"line":6,"column":6},"end":{"line":6,"column":51}},"5":{"start":{"line":7,"column":6},"end":{"line":7,"column":18}}},"fnMap":{"0":{"name":"middlewareHandler","decl":{"start":{"line":1,"column":26},"end":{"line":1,"column":43}},"loc":{"start":{"line":1,"column":62},"end":{"line":10,"column":1}},"line":1},"1":{"name":"handler","decl":{"start":{"line":2,"column":24},"end":{"line":2,"column":31}},"loc":{"start":{"line":2,"column":48},"end":{"line":9,"column":3}},"line":2}},"branchMap":{},"s":{"0":1,"1":5,"2":2,"3":2,"4":0,"5":0},"f":{"0":5,"1":2},"b":{},"_coverageSchema":"1a1c01bbd47fc00a2c39e90264f33305004495a9","hash":"70b13ddafe1c143f13f2662bbec3cbd2c4d09b34"}
,"C:\\Users\\HP\\simplest-note-web-app-backend\\backend\\src\\models\\noteModel.js": {"path":"C:\\Users\\HP\\simplest-note-web-app-backend\\backend\\src\\models\\noteModel.js","statementMap":{"0":{"start":{"line":1,"column":17},"end":{"line":1,"column":36}},"1":{"start":{"line":2,"column":19},"end":{"line":2,"column":27}},"2":{"start":{"line":4,"column":19},"end":{"line":17,"column":2}},"3":{"start":{"line":19,"column":13},"end":{"line":19,"column":47}},"4":{"start":{"line":21,"column":0},"end":{"line":21,"column":22}}},"fnMap":{},"branchMap":{},"s":{"0":1,"1":1,"2":1,"3":1,"4":1},"f":{},"b":{},"_coverageSchema":"1a1c01bbd47fc00a2c39e90264f33305004495a9","hash":"c1fac1e215d3e09b3bd07f4dcbe86f1444380fb3"}
,"C:\\Users\\HP\\simplest-note-web-app-backend\\backend\\src\\router\\noteRouter.js": {"path":"C:\\Users\\HP\\simplest-note-web-app-backend\\backend\\src\\router\\noteRouter.js","statementMap":{"0":{"start":{"line":1,"column":19},"end":{"line":1,"column":37}},"1":{"start":{"line":2,"column":15},"end":{"line":2,"column":23}},"2":{"start":{"line":3,"column":23},"end":{"line":3,"column":63}},"3":{"start":{"line":4,"column":18},"end":{"line":4,"column":56}},"4":{"start":{"line":6,"column":0},"end":{"line":15,"column":3}},"5":{"start":{"line":7,"column":17},"end":{"line":7,"column":27}},"6":{"start":{"line":8,"column":15},"end":{"line":11,"column":26}},"7":{"start":{"line":13,"column":2},"end":{"line":13,"column":44}},"8":{"start":{"line":14,"column":2},"end":{"line":14,"column":9}},"9":{"start":{"line":17,"column":0},"end":{"line":17,"column":58}},"10":{"start":{"line":18,"column":0},"end":{"line":18,"column":61}},"11":{"start":{"line":19,"column":0},"end":{"line":19,"column":61}},"12":{"start":{"line":20,"column":0},"end":{"line":20,"column":67}},"13":{"start":{"line":21,"column":0},"end":{"line":21,"column":70}},"14":{"start":{"line":23,"column":0},"end":{"line":23,"column":24}}},"fnMap":{"0":{"name":"(anonymous_0)","decl":{"start":{"line":6,"column":11},"end":{"line":6,"column":12}},"loc":{"start":{"line":6,"column":31},"end":{"line":15,"column":1}},"line":6}},"branchMap":{},"s":{"0":1,"1":1,"2":1,"3":1,"4":1,"5":3,"6":3,"7":3,"8":3,"9":1,"10":1,"11":1,"12":1,"13":1,"14":1},"f":{"0":3},"b":{},"_coverageSchema":"1a1c01bbd47fc00a2c39e90264f33305004495a9","hash":"5c41290359e24a22a23f57acd34063f7b17e7897"}
}
