TN:
SF:src\index.js
FN:18,(anonymous_0)
FN:26,(anonymous_1)
FN:37,(anonymous_2)
FNF:3
FNH:0
FNDA:0,(anonymous_0)
FNDA:0,(anonymous_1)
FNDA:0,(anonymous_2)
DA:1,1
DA:2,1
DA:3,1
DA:4,1
DA:5,1
DA:7,1
DA:8,1
DA:11,1
DA:12,1
DA:15,1
DA:18,1
DA:19,0
DA:22,1
DA:25,1
DA:26,0
DA:27,0
DA:28,0
DA:29,0
DA:30,0
DA:34,0
DA:37,0
DA:38,0
DA:41,0
DA:42,0
DA:46,0
LF:25
LH:13
BRDA:8,0,0,1
BRDA:8,0,1,1
BRDA:25,1,0,0
BRDA:25,1,1,1
BRDA:28,2,0,0
BRDA:28,2,1,0
BRF:6
BRH:3
end_of_record
TN:
SF:src\controllers\noteController.js
FN:7,(anonymous_0)
FN:27,(anonymous_1)
FN:37,(anonymous_2)
FN:56,(anonymous_3)
FN:64,(anonymous_4)
FNF:5
FNH:2
FNDA:1,(anonymous_0)
FNDA:0,(anonymous_1)
FNDA:0,(anonymous_2)
FNDA:0,(anonymous_3)
FNDA:1,(anonymous_4)
DA:1,1
DA:2,1
DA:8,1
DA:9,1
DA:12,1
DA:13,1
DA:15,1
DA:20,1
DA:21,1
DA:23,0
DA:24,0
DA:28,0
DA:29,0
DA:30,0
DA:31,0
DA:33,0
DA:38,0
DA:39,0
DA:40,0
DA:42,0
DA:50,0
DA:52,0
DA:57,0
DA:58,0
DA:59,0
DA:61,0
DA:65,1
DA:66,1
DA:67,1
DA:69,0
DA:70,0
DA:75,1
LF:32
LH:13
BRDA:12,0,0,1
BRDA:12,0,1,0
BRDA:13,1,0,1
BRDA:13,1,1,0
BRDA:13,1,2,0
BRDA:30,2,0,0
BRDA:30,2,1,0
BRDA:40,3,0,0
BRDA:40,3,1,0
BRF:9
BRH:2
end_of_record
TN:
SF:src\middlewares\errorHandler.js
FN:1,middlewareHandler
FN:2,handler
FNF:2
FNH:2
FNDA:5,middlewareHandler
FNDA:2,handler
DA:1,1
DA:2,5
DA:3,2
DA:4,2
DA:6,0
DA:7,0
LF:6
LH:4
BRF:0
BRH:0
end_of_record
TN:
SF:src\models\noteModel.js
FNF:0
FNH:0
DA:1,1
DA:2,1
DA:4,1
DA:19,1
DA:21,1
LF:5
LH:5
BRF:0
BRH:0
end_of_record
TN:
SF:src\router\noteRouter.js
FN:6,(anonymous_0)
FNF:1
FNH:1
FNDA:3,(anonymous_0)
DA:1,1
DA:2,1
DA:3,1
DA:4,1
DA:6,1
DA:7,3
DA:8,3
DA:13,3
DA:14,3
DA:17,1
DA:18,1
DA:19,1
DA:20,1
DA:21,1
DA:23,1
LF:15
LH:15
BRF:0
BRH:0
end_of_record
